  **** GENERAL FLUID SYSTEM SIMULATION PROGRAM ****
  ****************** VERSION 1.4.1 ****************
   
  TITLE     :Case 1                                                                          
  DATE      :10/13/18       
  ANALYST   :Joe Blow                      
  FILEIN    :EXAMPLE1.DAT   
  FILEOUT   :example1.out   
   LOGICAL VARIABLES
  DENCON   =  F
  GRAVITY  =  T
  ENERGY   =  T
  MIXTURE  =  F
  THRUST   =  F
  STEADY   =  T
  TRANSV   =  F
  INERTIA  =  T
  CONDX    =  F
  TWOD     =  F
  PRINTI   =  F
  ROTATION =  F
  BUOYANCY =  F
  HRATE    =  F


  NNODES   =   16
  NINT     =   14
  NBR      =   15
  NF       =    1
  NVAR     =   29
  NHREF    =    2


  FLUIDS: H2O  
  
 BOUNDARY NODES
  NODE       P         T       RHO        AREA
           (PSI)      (F)   (LBM/FT^3)   (IN^2)
     1     50.0000   60.0000   62.3766    0.0000
    16     14.7000   60.0000   62.3694    0.0000
  
  INPUT SPECIFICATIONS FOR INTERNAL NODES 
 NODE       AREA      MASS      HEAT
 NODE      (IN^2)    (LBM/S)  (BTU/LBM)
     2      0.0000    0.0000    0.0000
     3      0.0000    0.0000    0.0000
     4      0.0000    0.0000    0.0000
     5      0.0000    0.0000    0.0000
     6      0.0000    0.0000    0.0000
     7      0.0000    0.0000    0.0000
     8      0.0000    0.0000    0.0000
     9      0.0000    0.0000    0.0000
    10      0.0000    0.0000    0.0000
    11      0.0000    0.0000    0.0000
    12      0.0000    0.0000    0.0000
    13      0.0000    0.0000    0.0000
    14      0.0000    0.0000    0.0000
    15      0.0000    0.0000    0.0000
  
 BRANCH   UPNODE    DNNODE    OPTION 
    12         1         2         4
    23         2         3        13
    34         3         4         1
    45         4         5         2
    56         5         6         1
    67         6         7         7
    78         7         8         1
    89         8         9         5
   910         9        10         1
  1011        10        11         8
  1112        11        12         1
  1213        12        13         6
  1314        13        14         1
  1415        14        15        13
  1516        15        16         4
 BRANCH  OPTION -4:  LENGTH, DIA, EPSD, ANGLE, AREA
    12   360.00000    30.62400     0.00006     0.50000     0.00000    90.00000   736.56946
 BRANCH OPTION -13:  DIA, K1,  K2, AREA
    23    30.62400   300.00000     0.10000   736.56946
 BRANCH  OPTION -1:   LENGTH, DIA, EPSD, ANGLE, AREA
    34   480.00000    30.62400     0.00060    90.00000   736.56946
 BRANCH OPTION -2:  FLOW COEF, AREA
    45     0.00000   736.57001
 BRANCH  OPTION -1:   LENGTH, DIA, EPSD, ANGLE, AREA
    56  3600.00000    30.62400     0.00006    90.00000   736.56946
 BRANCH OPTION -7:   PIPE DIA, REDUCED DIA, AREA
    67    30.62400    22.62000   401.86029
 BRANCH  OPTION -1:   LENGTH, DIA, EPSD, ANGLE, AREA
    78  2400.00000    22.62000     0.00008    90.00000   401.86029
 BRANCH OPTION - 5:  PIPE DIA, ORIFICE DIA, AREA
    89    22.62000     8.00000   401.86029
 BRANCH  OPTION -1:   LENGTH, DIA, EPSD, ANGLE, AREA
   910  2400.00000    22.62000     0.00008    90.00000   401.86029
 BRANCH OPTION -8:  PIPE DIA, EXP DIA, AREA
  1011    22.62000    30.62400   736.56946
 BRANCH  OPTION -1:   LENGTH, DIA, EPSD, ANGLE, AREA
  1112  3600.00000    30.62400     0.00006    90.00000   736.56946
 BRANCH OPTION -6:  LENGTH, PIPE DIA, ORIFICE DIA, AREA
  1213     9.00000    30.62400    12.00000   736.56946
 BRANCH  OPTION -1:   LENGTH, DIA, EPSD, ANGLE, AREA
  1314  1200.00000    30.62400     0.00006    90.00000   736.56946
 BRANCH OPTION -13:  DIA, K1,  K2, AREA
  1415    30.62400   800.00000     0.20000   736.56946
 BRANCH  OPTION -4:  LENGTH, DIA, EPSD, ANGLE, AREA
  1516   286.00000    30.62400     0.00006     0.00000     1.00000   180.00000   736.56946
  
  
  
 SOLUTION
 INTERNAL NODES
  NODE     P(PSI)     T(F)        Z        RHO      QUALITY
   (LBM/FT^3)
     2     49.9758   60.0012    0.0026   62.3765    0.0000
     3     49.9714   60.0013    0.0026   62.3764    0.0000
     4     49.9632   60.0013    0.0026   62.3763    0.0000
     5     49.9632   60.0013    0.0026   62.3763    0.0000
     6     49.9154   60.0005    0.0026   62.3762    0.0000
     7     49.6396   60.0002    0.0026   62.3761    0.0000
     8     49.4154   60.0045    0.0026   62.3760    0.0000
     9     28.1446   60.0644    0.0015   62.3719    0.0000
    10     27.9204   60.0619    0.0014   62.3718    0.0000
    11     27.9292   60.0630    0.0014   62.3717    0.0000
    12     27.8814   60.0628    0.0014   62.3717    0.0000
    13     25.0953   60.0721    0.0013   62.3711    0.0000
    14     25.0794   60.0742    0.0013   62.3710    0.0000
    15     25.0706   60.0695    0.0013   62.3710    0.0000
  
 BRANCHES
 BRANCH       KFACTOR       DELP        FLOW RATE VELOCITY   REYN. NO.   MACH NO
 .
       (LBF-S^2/(LBM-FT)^2) (PSI)      (LBM/SEC)     (FT/SEC)
    12       0.631E-05     0.242E-01   0.800E+03     0.251E+01   0.529E+06   0.209E-02
    23       0.989E-06     0.439E-02   0.800E+03     0.251E+01   0.529E+06   0.209E-02
    34       0.300E-05     0.818E-02   0.800E+03     0.251E+01   0.529E+06   0.209E-02
    45       0.000E+00     0.000E+00   0.800E+03     0.251E+01   0.529E+06   0.209E-02
    56       0.194E-04     0.478E-01   0.800E+03     0.251E+01   0.529E+06   0.209E-02
    67       0.881E-05     0.276E+00   0.800E+03     0.459E+01   0.716E+06   0.383E-02
    78       0.562E-04     0.224E+00   0.800E+03     0.459E+01   0.716E+06   0.383E-02
    89       0.479E-02     0.213E+02   0.800E+03     0.459E+01   0.716E+06   0.383E-02
   910       0.562E-04     0.224E+00   0.800E+03     0.459E+01   0.716E+06   0.383E-02
  1011       0.667E-05    -0.881E-02   0.800E+03     0.251E+01   0.529E+06   0.209E-02
  1112       0.194E-04     0.478E-01   0.800E+03     0.251E+01   0.529E+06   0.209E-02
  1213       0.627E-03     0.279E+01   0.800E+03     0.251E+01   0.529E+06   0.209E-02
  1314       0.648E-05     0.159E-01   0.800E+03     0.251E+01   0.529E+06   0.209E-02
  1415       0.198E-05     0.880E-02   0.800E+03     0.251E+01   0.529E+06   0.209E-02
  1516       0.108E-04     0.104E+02   0.800E+03     0.251E+01   0.529E+06   0.209E-02


  SOLUTION SATISFIED CONVERGENCE CRITERION OF  0.00100 IN   21 ITERATIONS
