  **** GENERAL FLUID SYSTEM SIMULATION PROGRAM ****
  ****************** VERSION 1.4.1 ****************
   
  TITLE     :Parallel Flow Manifold with heat transfer and phase change                      
  DATE      :10/13/18       
  ANALYST   :Joe Blow                      
  FILEIN    :EXAMPLE3.DAT   
  FILEOUT   :example.out    
   LOGICAL VARIABLES
  DENCON   =  F
  GRAVITY  =  T
  ENERGY   =  T
  MIXTURE  =  F
  THRUST   =  F
  STEADY   =  T
  TRANSV   =  F
  INERTIA  =  F
  CONDX    =  F
  TWOD     =  F
  PRINTI   =  F
  ROTATION =  F
  BUOYANCY =  F
  HRATE    =  F


  NNODES   =   20
  NINT     =   18
  NBR      =   24
  NF       =    1
  NVAR     =   42
  NHREF    =    2


  FLUIDS: H2O  
  
 BOUNDARY NODES
  NODE       P         T       RHO        AREA
           (PSI)      (F)   (LBM/FT^3)   (IN^2)
     1   1020.0000  400.0000   53.9197    0.0000
    20   1012.0000  400.0000   53.9170    0.0000
  
  INPUT SPECIFICATIONS FOR INTERNAL NODES 
 NODE       AREA      MASS      HEAT
 NODE      (IN^2)    (LBM/S)  (BTU/LBM)
     2      0.0000    0.0000    0.0000
     3      0.0000    0.0000    0.0000
     4      0.0000    0.0000    0.0000
     5      0.0000    0.0000    0.0000
     6      0.0000    0.0000    0.0000
     7      0.0000    0.0000    0.0000
     8      0.0000    0.0000    0.0000
     9      0.0000    0.0000    0.0000
    10      0.0000    0.0000    0.0000
    11      0.0000    0.0000    0.0000
    12      0.0000    0.0000    0.0000
    13      0.0000    0.0000    0.0000
    14      0.0000    0.0000    0.0000
    15      0.0000    0.0000    0.0000
    16      0.0000    0.0000    0.0000
    17      0.0000    0.0000    0.0000
    18      0.0000    0.0000    0.0000
    19      0.0000    0.0000    0.0000
  
 BRANCH   UPNODE    DNNODE    OPTION 
    12         1         2         1
    28         2         8         5
    23         2         3         1
    39         3         9         5
    34         3         4         1
   410         4        10         5
    45         4         5         1
   511         5        11         5
    56         5         6         1
   612         6        12         5
    67         6         7         1
   713         7        13         5
   814         8        14         1
   915         9        15         1
  1016        10        16         1
  1117        11        17         1
  1218        12        18         1
  1319        13        19         1
  1415        14        15         1
  1516        15        16         1
  1617        16        17         1
  1718        17        18         1
  1819        18        19         1
  1920        19        20         1
 BRANCH  OPTION -1:   LENGTH, DIA, EPSD, ANGLE, AREA
    12     6.00000     1.00000     0.00000    90.00000     0.78540
 BRANCH OPTION - 5:  PIPE DIA, ORIFICE DIA, AREA
    28     1.00000     0.40000     0.12566
 BRANCH  OPTION -1:   LENGTH, DIA, EPSD, ANGLE, AREA
    23     6.00000     1.00000     0.00000    90.00000     0.78540
 BRANCH OPTION - 5:  PIPE DIA, ORIFICE DIA, AREA
    39     1.00000     0.40000     0.12566
 BRANCH  OPTION -1:   LENGTH, DIA, EPSD, ANGLE, AREA
    34     6.00000     1.00000     0.00000    90.00000     0.78540
 BRANCH OPTION - 5:  PIPE DIA, ORIFICE DIA, AREA
   410     1.00000     0.40000     0.12566
 BRANCH  OPTION -1:   LENGTH, DIA, EPSD, ANGLE, AREA
    45     6.00000     1.00000     0.00000    90.00000     0.78540
 BRANCH OPTION - 5:  PIPE DIA, ORIFICE DIA, AREA
   511     1.00000     0.40000     0.12566
 BRANCH  OPTION -1:   LENGTH, DIA, EPSD, ANGLE, AREA
    56     6.00000     1.00000     0.00000    90.00000     0.78540
 BRANCH OPTION - 5:  PIPE DIA, ORIFICE DIA, AREA
   612     1.00000     0.40000     0.12566
 BRANCH  OPTION -1:   LENGTH, DIA, EPSD, ANGLE, AREA
    67     6.00000     1.00000     0.00000    90.00000     0.78540
 BRANCH OPTION - 5:  PIPE DIA, ORIFICE DIA, AREA
   713     1.00000     0.40000     0.12566
 BRANCH  OPTION -1:   LENGTH, DIA, EPSD, ANGLE, AREA
   814   144.00000     0.40000     0.00000   180.00000     0.12566
 BRANCH  OPTION -1:   LENGTH, DIA, EPSD, ANGLE, AREA
   915   144.00000     0.40000     0.00000   180.00000     0.12566
 BRANCH  OPTION -1:   LENGTH, DIA, EPSD, ANGLE, AREA
  1016   144.00000     0.40000     0.00000   180.00000     0.12566
 BRANCH  OPTION -1:   LENGTH, DIA, EPSD, ANGLE, AREA
  1117   144.00000     0.40000     0.00000   180.00000     0.12566
 BRANCH  OPTION -1:   LENGTH, DIA, EPSD, ANGLE, AREA
  1218   144.00000     0.40000     0.00000   180.00000     0.12566
 BRANCH  OPTION -1:   LENGTH, DIA, EPSD, ANGLE, AREA
  1319   144.00000     0.40000     0.00000   180.00000     0.12566
 BRANCH  OPTION -1:   LENGTH, DIA, EPSD, ANGLE, AREA
  1415     6.00000     1.00000     0.00000    90.00000     0.78540
 BRANCH  OPTION -1:   LENGTH, DIA, EPSD, ANGLE, AREA
  1516     6.00000     1.00000     0.00000    90.00000     0.78540
 BRANCH  OPTION -1:   LENGTH, DIA, EPSD, ANGLE, AREA
  1617     6.00000     1.00000     0.00000    90.00000     0.78540
 BRANCH  OPTION -1:   LENGTH, DIA, EPSD, ANGLE, AREA
  1718     6.00000     1.00000     0.00000    90.00000     0.78540
 BRANCH  OPTION -1:   LENGTH, DIA, EPSD, ANGLE, AREA
  1819     6.00000     1.00000     0.00000    90.00000     0.78540
 BRANCH  OPTION -1:   LENGTH, DIA, EPSD, ANGLE, AREA
  1920     6.00000     1.00000     0.00000    90.00000     0.78540
  
  
  
 SOLUTION
 INTERNAL NODES
  NODE     P(PSI)     T(F)        Z        RHO      QUALITY
   (LBM/FT^3)
     2   1019.9667  399.9982    0.0370   53.9198    0.0000
     3   1019.9426  399.9997    0.0369   53.9197    0.0000
     4   1019.9265  399.9991    0.0369   53.9197    0.0000
     5   1019.9169  399.9997    0.0369   53.9197    0.0000
     6   1019.9122  399.9975    0.0369   53.9198    0.0000
     7   1019.9108  399.9983    0.0369   53.9197    0.0000
     8   1019.2312  399.9999    0.0369   53.9195    0.0000
     9   1019.2126  399.9996    0.0369   53.9194    0.0000
    10   1019.1995  400.0003    0.0369   53.9195    0.0000
    11   1019.1899  399.9997    0.0369   53.9195    0.0000
    12   1019.1822  400.0001    0.0369   53.9195    0.0000
    13   1019.1754  399.9993    0.0369   53.9195    0.0000
    14   1012.0892  400.0074    0.0367   53.9169    0.0000
    15   1012.0878  400.0080    0.0367   53.9169    0.0000
    16   1012.0831  400.0067    0.0367   53.9169    0.0000
    17   1012.0735  400.0075    0.0367   53.9169    0.0000
    18   1012.0574  400.0072    0.0367   53.9170    0.0000
    19   1012.0333  400.0074    0.0367   53.9168    0.0000
  
 BRANCHES
 BRANCH       KFACTOR       DELP        FLOW RATE VELOCITY   REYN. NO.   MACH NO
 .
       (LBF-S^2/(LBM-FT)^2) (PSI)      (LBM/SEC)     (FT/SEC)
    12       0.107E+01     0.333E-01   0.212E+01     0.722E+01   0.366E+06   0.404E-02
    28       0.839E+03     0.735E+00   0.355E+00     0.755E+01   0.153E+06   0.422E-02
    23       0.111E+01     0.241E-01   0.177E+01     0.602E+01   0.305E+06   0.336E-02
    39       0.839E+03     0.730E+00   0.354E+00     0.752E+01   0.152E+06   0.420E-02
    34       0.116E+01     0.161E-01   0.142E+01     0.481E+01   0.244E+06   0.269E-02
   410       0.839E+03     0.727E+00   0.353E+00     0.751E+01   0.152E+06   0.419E-02
    45       0.124E+01     0.966E-02   0.106E+01     0.361E+01   0.183E+06   0.202E-02
   511       0.839E+03     0.727E+00   0.353E+00     0.751E+01   0.152E+06   0.419E-02
    56       0.136E+01     0.467E-02   0.709E+00     0.241E+01   0.122E+06   0.135E-02
   612       0.839E+03     0.730E+00   0.354E+00     0.752E+01   0.152E+06   0.420E-02
    67       0.161E+01     0.141E-02   0.355E+00     0.121E+01   0.612E+05   0.675E-03
   713       0.839E+03     0.735E+00   0.355E+00     0.755E+01   0.153E+06   0.422E-02
   814       0.302E+04     0.714E+01   0.355E+00     0.755E+01   0.153E+06   0.422E-02
   915       0.303E+04     0.712E+01   0.354E+00     0.752E+01   0.152E+06   0.420E-02
  1016       0.303E+04     0.712E+01   0.353E+00     0.751E+01   0.152E+06   0.419E-02
  1117       0.303E+04     0.712E+01   0.353E+00     0.751E+01   0.152E+06   0.419E-02
  1218       0.303E+04     0.712E+01   0.354E+00     0.752E+01   0.152E+06   0.420E-02
  1319       0.302E+04     0.714E+01   0.355E+00     0.755E+01   0.153E+06   0.422E-02
  1415       0.161E+01     0.141E-02   0.355E+00     0.121E+01   0.612E+05   0.675E-03
  1516       0.136E+01     0.467E-02   0.709E+00     0.241E+01   0.122E+06   0.135E-02
  1617       0.124E+01     0.966E-02   0.106E+01     0.361E+01   0.183E+06   0.202E-02
  1718       0.116E+01     0.161E-01   0.142E+01     0.481E+01   0.244E+06   0.269E-02
  1819       0.111E+01     0.241E-01   0.177E+01     0.602E+01   0.305E+06   0.336E-02
  1920       0.107E+01     0.333E-01   0.212E+01     0.723E+01   0.366E+06   0.404E-02


  SOLUTION SATISFIED CONVERGENCE CRITERION OF  0.00100 IN   24 ITERATIONS
