    VARIABLE                VALUE  CHANGE FROM PREVIOUS
 ITER =            1 KMAX=           36 RSDMAX =    1.000000     DIFMAX =   0.9997271    
    VARIABLE                VALUE  CHANGE FROM PREVIOUS
 ITER =            1 KMAX=            6 RSDMAX =   0.2603268     DIFMAX =    1.043970    
    VARIABLE                VALUE  CHANGE FROM PREVIOUS
 ITER =            1 KMAX=            6 RSDMAX =   6.3834600E-02 DIFMAX =    1.299876    
    VARIABLE                VALUE  CHANGE FROM PREVIOUS
 ITER =            1 KMAX=            6 RSDMAX =   8.8902228E-03 DIFMAX =    2.496087    
    VARIABLE                VALUE  CHANGE FROM PREVIOUS
 ITER =            1 KMAX=            6 RSDMAX =   8.0619886E-04 DIFMAX =    2.802824    
    VARIABLE                VALUE  CHANGE FROM PREVIOUS
 ITER =            1 KMAX=            6 RSDMAX =   3.8473423E-05 DIFMAX =   3.8739093E-02
    VARIABLE                VALUE  CHANGE FROM PREVIOUS
 ITER =            1 KMAX=           15 RSDMAX =   8.6857710E-07 DIFMAX =   1.2654257E-04
    VARIABLE                VALUE  CHANGE FROM PREVIOUS
 ITER =            1 KMAX=           15 RSDMAX =   8.7187283E-07 DIFMAX =   1.1286273E-06
 ITER(RESISTANCE)=            1 ITER(NEWTON-RAPHSON)=            8
 DIFK =    3703.960     DIFD =   0.0000000E+00 DIFH =   0.0000000E+00
    VARIABLE                VALUE  CHANGE FROM PREVIOUS
 ITER =            2 KMAX=           20 RSDMAX =   0.7759139     DIFMAX =   0.9838035    
    VARIABLE                VALUE  CHANGE FROM PREVIOUS
 ITER =            2 KMAX=           20 RSDMAX =   0.1919497     DIFMAX =   0.9307127    
    VARIABLE                VALUE  CHANGE FROM PREVIOUS
 ITER =            2 KMAX=           20 RSDMAX =   4.6141140E-02 DIFMAX =   0.7606019    
    VARIABLE                VALUE  CHANGE FROM PREVIOUS
 ITER =            2 KMAX=           31 RSDMAX =   9.9245030E-03 DIFMAX =   0.4039715    
    VARIABLE                VALUE  CHANGE FROM PREVIOUS
 ITER =            2 KMAX=           31 RSDMAX =   1.4171577E-03 DIFMAX =   8.7991051E-02
    VARIABLE                VALUE  CHANGE FROM PREVIOUS
 ITER =            2 KMAX=           31 RSDMAX =   5.6323239E-05 DIFMAX =   3.8174852E-03
    VARIABLE                VALUE  CHANGE FROM PREVIOUS
 ITER =            2 KMAX=           13 RSDMAX =   9.4956715E-07 DIFMAX =   5.4716020E-06
 ITER(RESISTANCE)=            2 ITER(NEWTON-RAPHSON)=            7
 DIFK =   0.6724311     DIFD =   4.7755049E-05 DIFH =   3.0517578E-05
    VARIABLE                VALUE  CHANGE FROM PREVIOUS
 ITER =            3 KMAX=           31 RSDMAX =   3.0653828E-03 DIFMAX =   0.1731941    
    VARIABLE                VALUE  CHANGE FROM PREVIOUS
 ITER =            3 KMAX=           42 RSDMAX =   2.7340860E-04 DIFMAX =   1.4948552E-02
    VARIABLE                VALUE  CHANGE FROM PREVIOUS
 ITER =            3 KMAX=           31 RSDMAX =   1.5222997E-06 DIFMAX =   1.0389906E-04
    VARIABLE                VALUE  CHANGE FROM PREVIOUS
 ITER =            3 KMAX=           13 RSDMAX =   1.0268061E-06 DIFMAX =   9.1508653E-08
 ITER(RESISTANCE)=            3 ITER(NEWTON-RAPHSON)=            4
 DIFK =   4.4573095E-02 DIFD =   2.3488970E-05 DIFH =   9.1552734E-05
    VARIABLE                VALUE  CHANGE FROM PREVIOUS
 ITER =            4 KMAX=           31 RSDMAX =   2.2956908E-04 DIFMAX =   1.5426635E-02
    VARIABLE                VALUE  CHANGE FROM PREVIOUS
 ITER =            4 KMAX=           42 RSDMAX =   1.9372596E-06 DIFMAX =   1.1023833E-04
    VARIABLE                VALUE  CHANGE FROM PREVIOUS
 ITER =            4 KMAX=            5 RSDMAX =   7.8807130E-07 DIFMAX =   1.2583835E-07
 ITER(RESISTANCE)=            4 ITER(NEWTON-RAPHSON)=            3
 DIFK =   3.9001701E-03 DIFD =   1.2593631E-05 DIFH =   3.0517578E-05
    VARIABLE                VALUE  CHANGE FROM PREVIOUS
 ITER =            5 KMAX=           31 RSDMAX =   2.0208370E-05 DIFMAX =   1.3786695E-03
    VARIABLE                VALUE  CHANGE FROM PREVIOUS
 ITER =            5 KMAX=           17 RSDMAX =   9.0137911E-07 DIFMAX =   4.0157647E-07
 ITER(RESISTANCE)=            5 ITER(NEWTON-RAPHSON)=            2
 DIFK =   3.5050730E-04 DIFD =   7.4996165E-06 DIFH =   1.2207031E-04
