  **** GENERAL FLUID SYSTEM SIMULATION PROGRAM ****
  ****************** VERSION 1.4.1 ****************
   
  TITLE     :Sample Flow Circuit of a turbopump                                              
  DATE      :10/13/18       
  ANALYST   :Joe Blow                      
  FILEIN    :EXAMPLE5.DAT   
  FILEOUT   :example5.out   
   LOGICAL VARIABLES
  DENCON   =  F
  GRAVITY  =  F
  ENERGY   =  T
  MIXTURE  =  T
  THRUST   =  F
  STEADY   =  T
  TRANSV   =  F
  INERTIA  =  T
  CONDX    =  F
  TWOD     =  F
  PRINTI   =  F
  ROTATION =  F
  BUOYANCY =  F
  HRATE    =  F


  NNODES   =   12
  NINT     =    7
  NBR      =   12
  NF       =    3
  NVAR     =   19
  NHREF    =    2


  FLUIDS: O2   H2   HE   
  
 BOUNDARY NODES
  NODE       P         T       RHO        AREA      CONCENTRATIONS
           (PSI)      (F)   (LBM/FT^3)   (IN^2)
                                                    O2        H2        HE      
    48    550.0000  -60.0000    4.4582    0.0000    1.0000    0.0000    0.0000
    50     14.7000   80.0000    0.0090    0.0000    0.5000    0.0000    0.5000
    66    151.0000   70.0000    0.1057    0.0000    0.0000    0.0000    1.0000
    16     14.7000   80.0000    0.0034    0.0000    0.0000    0.5000    0.5000
    22    172.0000 -174.0000    0.1123    0.0000    0.0000    1.0000    0.0000
  
  INPUT SPECIFICATIONS FOR INTERNAL NODES 
 NODE       AREA      MASS      HEAT
 NODE      (IN^2)    (LBM/S)  (BTU/LBM)
    49      0.0000    0.0000    0.0000
    68      0.0000    0.0000    0.0000
    67      0.0000    0.0000    0.0000
    23      0.0000    0.0000    0.0000
    63      0.0000    0.0000    0.0000
    46      0.0000    0.0000    0.0000
    47      0.0000    0.0000    0.0000
  
 BRANCH   UPNODE    DNNODE    OPTION 
    58        48        49         2
   142        49        50         2
    59        68        49         2
   138        67        68         2
    60        68        23         2
   137        66        67         2
   129        23        63         2
    23        22        23         2
    88        63        46         2
    87        46        47         2
    86        46        47         2
    25        47        16         2
 BRANCH OPTION -2:  FLOW COEF, AREA
    58     0.22000     0.04000
 BRANCH OPTION -2:  FLOW COEF, AREA
   142     0.74000     0.78500
 BRANCH OPTION -2:  FLOW COEF, AREA
    59     0.34000     0.03000
 BRANCH OPTION -2:  FLOW COEF, AREA
   138     0.66000     0.09000
 BRANCH OPTION -2:  FLOW COEF, AREA
    60     0.35440     0.03000
 BRANCH OPTION -2:  FLOW COEF, AREA
   137     0.88000     0.09000
 BRANCH OPTION -2:  FLOW COEF, AREA
   129     0.79000     0.78540
 BRANCH OPTION -2:  FLOW COEF, AREA
    23     0.24000     0.04000
 BRANCH OPTION -2:  FLOW COEF, AREA
    88     0.71000     0.79000
 BRANCH OPTION -2:  FLOW COEF, AREA
    87     0.79000     0.37000
 BRANCH OPTION -2:  FLOW COEF, AREA
    86     0.37000     0.46000
 BRANCH OPTION -2:  FLOW COEF, AREA
    25     0.51000     1.09000
  
  
  
 SOLUTION
 INTERNAL NODES
  NODE     P(PSI)     T(F)        Z        RHO     CONCENTRATIONS
                                                 (LBM/FT^3)
                                                          O2        H2        HE      
    49    505.4000   25.0260    1.0196    0.5185    0.3015    0.0000    0.6985
    68    550.0000   37.3912    1.0243    0.4031    0.0000    0.0000    1.0000
    67    106.4000  620.4000    1.0025    0.0367    0.0000    0.0000    1.0000
    23    127.4000 -404.8593    0.5941    0.7363    0.0000    0.9998    0.0002
    63     82.7800 -409.4846    0.7061    0.4397    0.0000    0.9999    0.0001
    46     38.1700 -425.3315    0.0463    4.5195    0.0000    1.0000    0.0000
    47     59.3100 -412.6788    0.7653    0.3105    0.0000    0.9999    0.0001
  
 BRANCHES
 BRANCH       KFACTOR       DELP        FLOW RATE VELOCITY   REYN. NO.   MACH NO
 .
       (LBF-S^2/(LBM-FT)^2) (PSI)      (LBM/SEC)     (FT/SEC)
    58       0.933E+06     0.446E+02   0.801E+02     0.647E+05   0.466E+09   0.655E+02
   142       0.184E+04     0.491E+03   0.266E+03     0.940E+05   0.317E+09   0.304E+02
    59       0.768E+07     0.446E+02   0.801E+02     0.954E+06   0.481E+09   0.297E+03
   138       0.249E+07    -0.444E+03   0.100E-01     0.436E+03   0.192E+05   0.923E-01
    60       0.707E+07     0.423E+03   0.247E+03     0.294E+07   0.148E+10   0.915E+03
   137       0.486E+06     0.446E+02   0.801E+02     0.121E+07   0.267E+09   0.366E+03
   129       0.114E+04     0.446E+02   0.802E+02     0.200E+05   0.305E+09   0.148E+02
    23       0.311E+08     0.446E+02   0.801E+02     0.257E+07   0.141E+10   0.833E+03
    88       0.233E+04     0.446E+02   0.801E+02     0.332E+05   0.306E+09   0.258E+02
    87       0.835E+03    -0.211E+02   0.100E-01     0.861E+00   0.221E+05   0.741E-03
    86       0.246E+04    -0.211E+02   0.100E-01     0.692E+00   0.198E+05   0.596E-03
    25       0.336E+04     0.446E+02   0.801E+02     0.341E+05   0.260E+09   0.274E+02


  SOLUTION SATISFIED CONVERGENCE CRITERION OF  0.00100 IN   15 ITERATIONS
