 EQUATIONS ARE NOT INDEPENDANT  18
    VARIABLE                VALUE  CHANGE FROM PREVIOUS
 ITER =            1 KMAX=           10 RSDMAX =    1.000000     DIFMAX =   0.0000000E+00
 ITER(RESISTANCE)=            1 ITER(NEWTON-RAPHSON)=            1
 DIFK =   3.1140792E+07 DIFD =   0.0000000E+00 DIFH =   0.0000000E+00
 EQUATIONS ARE NOT INDEPENDANT   3
    VARIABLE                VALUE  CHANGE FROM PREVIOUS
 ITER =            2 KMAX=           12 RSDMAX =    561573.1     DIFMAX =   0.0000000E+00
 ITER(RESISTANCE)=            2 ITER(NEWTON-RAPHSON)=            1
 DIFK =   0.9973627     DIFD =    756.3550     DIFH =   0.0000000E+00
 EQUATIONS ARE NOT INDEPENDANT   3
    VARIABLE                VALUE  CHANGE FROM PREVIOUS
 ITER =            3 KMAX=           12 RSDMAX =    526269.6     DIFMAX =   0.0000000E+00
 ITER(RESISTANCE)=            3 ITER(NEWTON-RAPHSON)=            1
 DIFK =   0.6252768     DIFD =   0.7694404     DIFH =   0.0000000E+00
 EQUATIONS ARE NOT INDEPENDANT   3
    VARIABLE                VALUE  CHANGE FROM PREVIOUS
 ITER =            4 KMAX=           12 RSDMAX =    526949.0     DIFMAX =   0.0000000E+00
 ITER(RESISTANCE)=            4 ITER(NEWTON-RAPHSON)=            1
 DIFK =   0.4548383     DIFD =   0.6252768     DIFH =   0.0000000E+00
 EQUATIONS ARE NOT INDEPENDANT   3
    VARIABLE                VALUE  CHANGE FROM PREVIOUS
 ITER =            5 KMAX=           12 RSDMAX =    527289.4     DIFMAX =   0.0000000E+00
 ITER(RESISTANCE)=            5 ITER(NEWTON-RAPHSON)=            1
 DIFK =   0.2943629     DIFD =   0.4548383     DIFH =   0.0000000E+00
 EQUATIONS ARE NOT INDEPENDANT   3
    VARIABLE                VALUE  CHANGE FROM PREVIOUS
 ITER =            6 KMAX=           12 RSDMAX =    527459.7     DIFMAX =   0.0000000E+00
 ITER(RESISTANCE)=            6 ITER(NEWTON-RAPHSON)=            1
 DIFK =   0.1725824     DIFD =   0.2943629     DIFH =   0.0000000E+00
 EQUATIONS ARE NOT INDEPENDANT   3
    VARIABLE                VALUE  CHANGE FROM PREVIOUS
 ITER =            7 KMAX=           12 RSDMAX =    527544.9     DIFMAX =   0.0000000E+00
 ITER(RESISTANCE)=            7 ITER(NEWTON-RAPHSON)=            1
 DIFK =   9.4440520E-02 DIFD =   0.1725824     DIFH =   0.0000000E+00
 EQUATIONS ARE NOT INDEPENDANT   3
    VARIABLE                VALUE  CHANGE FROM PREVIOUS
 ITER =            8 KMAX=           12 RSDMAX =    527587.6     DIFMAX =   0.0000000E+00
 ITER(RESISTANCE)=            8 ITER(NEWTON-RAPHSON)=            1
 DIFK =   4.9560636E-02 DIFD =   9.4440639E-02 DIFH =   0.0000000E+00
 EQUATIONS ARE NOT INDEPENDANT   3
    VARIABLE                VALUE  CHANGE FROM PREVIOUS
 ITER =            9 KMAX=           12 RSDMAX =    527608.9     DIFMAX =   0.0000000E+00
 ITER(RESISTANCE)=            9 ITER(NEWTON-RAPHSON)=            1
 DIFK =   2.5409877E-02 DIFD =   4.9560588E-02 DIFH =   0.0000000E+00
 EQUATIONS ARE NOT INDEPENDANT   3
    VARIABLE                VALUE  CHANGE FROM PREVIOUS
 ITER =           10 KMAX=           12 RSDMAX =    527619.5     DIFMAX =   0.0000000E+00
 ITER(RESISTANCE)=           10 ITER(NEWTON-RAPHSON)=            1
 DIFK =   1.2868498E-02 DIFD =   2.5410013E-02 DIFH =   0.0000000E+00
 EQUATIONS ARE NOT INDEPENDANT   3
    VARIABLE                VALUE  CHANGE FROM PREVIOUS
 ITER =           11 KMAX=           12 RSDMAX =    527624.9     DIFMAX =   0.0000000E+00
 ITER(RESISTANCE)=           11 ITER(NEWTON-RAPHSON)=            1
 DIFK =   6.4759334E-03 DIFD =   1.2868501E-02 DIFH =   0.0000000E+00
 EQUATIONS ARE NOT INDEPENDANT   3
    VARIABLE                VALUE  CHANGE FROM PREVIOUS
 ITER =           12 KMAX=           12 RSDMAX =    527627.5     DIFMAX =   0.0000000E+00
 ITER(RESISTANCE)=           12 ITER(NEWTON-RAPHSON)=            1
 DIFK =   3.2485088E-03 DIFD =   6.4759185E-03 DIFH =   0.0000000E+00
 EQUATIONS ARE NOT INDEPENDANT   3
    VARIABLE                VALUE  CHANGE FROM PREVIOUS
 ITER =           13 KMAX=           12 RSDMAX =    527628.8     DIFMAX =   0.0000000E+00
 ITER(RESISTANCE)=           13 ITER(NEWTON-RAPHSON)=            1
 DIFK =   1.6268719E-03 DIFD =   3.2484205E-03 DIFH =   0.0000000E+00
 EQUATIONS ARE NOT INDEPENDANT   3
    VARIABLE                VALUE  CHANGE FROM PREVIOUS
 ITER =           14 KMAX=           12 RSDMAX =    527629.5     DIFMAX =   0.0000000E+00
 ITER(RESISTANCE)=           14 ITER(NEWTON-RAPHSON)=            1
 DIFK =   8.1407244E-04 DIFD =   1.6268526E-03 DIFH =   0.0000000E+00
 EQUATIONS ARE NOT INDEPENDANT   3
    VARIABLE                VALUE  CHANGE FROM PREVIOUS
 ITER =           15 KMAX=           12 RSDMAX =    527629.9     DIFMAX =   0.0000000E+00
 ITER(RESISTANCE)=           15 ITER(NEWTON-RAPHSON)=            1
 DIFK =   4.0726876E-04 DIFD =   8.1408850E-04 DIFH =   0.0000000E+00
