  **** GENERAL FLUID SYSTEM SIMULATION PROGRAM ****
  ****************** VERSION 1.4.1 ****************
   
  TITLE     :Case 1                                                                          
  DATE      :10/13/18       
  ANALYST   :Joe Blow                      
  FILEIN    :EXAMPLE2.DAT   
  FILEOUT   :example2.out   
   LOGICAL VARIABLES
  DENCON   =  F
  GRAVITY  =  T
  ENERGY   =  T
  MIXTURE  =  F
  THRUST   =  F
  STEADY   =  T
  TRANSV   =  F
  INERTIA  =  T
  CONDX    =  F
  TWOD     =  F
  PRINTI   =  F
  ROTATION =  F
  BUOYANCY =  F
  HRATE    =  F


  NNODES   =   16
  NINT     =   14
  NBR      =   15
  NF       =    1
  NVAR     =   29
  NHREF    =    2


  FLUIDS: H2O  
  
 BOUNDARY NODES
  NODE       P         T       RHO        AREA
           (PSI)      (F)   (LBM/FT^3)   (IN^2)
     1     14.7000   60.0000   62.3694    0.0000
    16     14.7000   60.0000   62.3694    0.0000
  
  INPUT SPECIFICATIONS FOR INTERNAL NODES 
 NODE       AREA      MASS      HEAT
 NODE      (IN^2)    (LBM/S)  (BTU/LBM)
     2      0.0000    0.0000    0.0000
     3      0.0000    0.0000    0.0000
     4      0.0000    0.0000    0.0000
     5      0.0000    0.0000    0.0000
     6      0.0000    0.0000    0.0000
     7      0.0000    0.0000    0.0000
     8      0.0000    0.0000    0.0000
     9      0.0000    0.0000    0.0000
    10      0.0000    0.0000    0.0000
    11      0.0000    0.0000    0.0000
    12      0.0000    0.0000    0.0000
    13      0.0000    0.0000    0.0000
    14      0.0000    0.0000    0.0000
    15      0.0000    0.0000    0.0000
  
 BRANCH   UPNODE    DNNODE    OPTION 
    12         1         2         4
    23         2         3        13
    34         3         4         1
    45         4         5        14
    56         5         6         1
    67         6         7         7
    78         7         8         1
    89         8         9         5
   910         9        10         1
  1011        10        11         8
  1112        11        12         1
  1213        12        13         6
  1314        13        14         1
  1415        14        15        13
  1516        15        16         4
 BRANCH  OPTION -4:  LENGTH, DIA, EPSD, ANGLE, AREA
    12   360.00000    30.62400     0.00006     0.50000     0.00000    90.00000   736.56946
 BRANCH OPTION -13:  DIA, K1,  K2, AREA
    23    30.62400   300.00000     0.10000   736.56946
 BRANCH  OPTION -1:   LENGTH, DIA, EPSD, ANGLE, AREA
    34   480.00000    30.62400     0.00006    90.00000   736.56946
 BRANCH OPTION -14:  PUMP CONST1, PUMP CONST2, AREA
    45 30888.00000    -0.00081   736.57001
 BRANCH  OPTION -1:   LENGTH, DIA, EPSD, ANGLE, AREA
    56  3600.00000    30.62400     0.00006    90.00000   736.56946
 BRANCH OPTION -7:   PIPE DIA, REDUCED DIA, AREA
    67    30.62400    22.62000   401.86029
 BRANCH  OPTION -1:   LENGTH, DIA, EPSD, ANGLE, AREA
    78  2400.00000    22.62000     0.00008    90.00000   401.86029
 BRANCH OPTION - 5:  PIPE DIA, ORIFICE DIA, AREA
    89    22.62000     8.00000   401.86029
 BRANCH  OPTION -1:   LENGTH, DIA, EPSD, ANGLE, AREA
   910  2400.00000    22.62000     0.00008    90.00000   401.86029
 BRANCH OPTION -8:  PIPE DIA, EXP DIA, AREA
  1011    22.62000    30.62400   736.56946
 BRANCH  OPTION -1:   LENGTH, DIA, EPSD, ANGLE, AREA
  1112  3600.00000    30.62400     0.00006    90.00000   736.56946
 BRANCH OPTION -6:  LENGTH, PIPE DIA, ORIFICE DIA, AREA
  1213     9.00000    30.62400    12.00000   736.56946
 BRANCH  OPTION -1:   LENGTH, DIA, EPSD, ANGLE, AREA
  1314  1200.00000    30.62400     0.00006    90.00000   736.56946
 BRANCH OPTION -13:  DIA, K1,  K2, AREA
  1415    30.62400   800.00000     0.20000   736.56946
 BRANCH  OPTION -4:  LENGTH, DIA, EPSD, ANGLE, AREA
  1516   286.00000    30.62400     0.00006     0.00000     1.00000   180.00000   736.56946
  
  
  
 SOLUTION
 INTERNAL NODES
  NODE     P(PSI)     T(F)        Z        RHO      QUALITY
   (LBM/FT^3)
     2     14.5088   59.9986    0.0008   62.3692    0.0000
     3     14.4776   59.9982    0.0008   62.3692    0.0000
     4     14.4132   60.0000    0.0007   62.3692    0.0000
     5    203.2231   59.4623    0.0105   62.4051    0.0000
     6    202.7401   59.4646    0.0105   62.4050    0.0000
     7    200.7716   59.4686    0.0104   62.4046    0.0000
     8    199.2586   59.4755    0.0103   62.4043    0.0000
     9     47.4141   59.9064    0.0025   62.3756    0.0000
    10     45.9008   59.9093    0.0024   62.3752    0.0000
    11     45.9640   59.9116    0.0024   62.3752    0.0000
    12     45.4810   59.9115    0.0024   62.3751    0.0000
    13     25.5834   59.9665    0.0013   62.3714    0.0000
    14     25.4224   59.9700    0.0013   62.3713    0.0000
    15     25.3598   59.9665    0.0013   62.3716    0.0000
  
 BRANCHES
 BRANCH       KFACTOR       DELP        FLOW RATE VELOCITY   REYN. NO.   MACH NO
 .
       (LBF-S^2/(LBM-FT)^2) (PSI)      (LBM/SEC)     (FT/SEC)
    12       0.615E-05     0.191E+00   0.214E+04     0.670E+01   0.141E+07   0.559E-02
    23       0.985E-06     0.313E-01   0.214E+04     0.670E+01   0.141E+07   0.559E-02
    34       0.219E-05     0.644E-01   0.214E+04     0.670E+01   0.141E+07   0.559E-02
    45       0.000E+00    -0.189E+03   0.214E+04     0.670E+01   0.141E+07   0.559E-02
    56       0.165E-04     0.483E+00   0.214E+04     0.670E+01   0.140E+07   0.559E-02
    67       0.879E-05     0.197E+01   0.214E+04     0.123E+02   0.190E+07   0.102E-01
    78       0.485E-04     0.151E+01   0.214E+04     0.123E+02   0.190E+07   0.102E-01
    89       0.479E-02     0.152E+03   0.214E+04     0.123E+02   0.190E+07   0.102E-01
   910       0.485E-04     0.151E+01   0.214E+04     0.123E+02   0.191E+07   0.102E-01
  1011       0.666E-05    -0.632E-01   0.214E+04     0.670E+01   0.141E+07   0.559E-02
  1112       0.164E-04     0.483E+00   0.214E+04     0.670E+01   0.141E+07   0.559E-02
  1213       0.627E-03     0.199E+02   0.214E+04     0.670E+01   0.141E+07   0.559E-02
  1314       0.548E-05     0.161E+00   0.214E+04     0.670E+01   0.141E+07   0.559E-02
  1415       0.197E-05     0.626E-01   0.214E+04     0.670E+01   0.141E+07   0.559E-02
  1516       0.106E-04     0.107E+02   0.214E+04     0.671E+01   0.141E+07   0.559E-02


  SOLUTION SATISFIED CONVERGENCE CRITERION OF  0.00100 IN   19 ITERATIONS
