    VARIABLE                VALUE  CHANGE FROM PREVIOUS
 ITER =            1 KMAX=            5 RSDMAX =    1.000221     DIFMAX =   0.9999650    
    VARIABLE                VALUE  CHANGE FROM PREVIOUS
 ITER =            1 KMAX=           15 RSDMAX =    19.37584     DIFMAX =    1.237219    
    VARIABLE                VALUE  CHANGE FROM PREVIOUS
 ITER =            1 KMAX=           15 RSDMAX =    4.713812     DIFMAX =    157.5264    
    VARIABLE                VALUE  CHANGE FROM PREVIOUS
 ITER =            1 KMAX=           15 RSDMAX =    1.061541     DIFMAX =   0.5053732    
    VARIABLE                VALUE  CHANGE FROM PREVIOUS
 ITER =            1 KMAX=           15 RSDMAX =   0.1773401     DIFMAX =   0.1459309    
    VARIABLE                VALUE  CHANGE FROM PREVIOUS
 ITER =            1 KMAX=           15 RSDMAX =   1.1221380E-02 DIFMAX =   1.0689248E-02
    VARIABLE                VALUE  CHANGE FROM PREVIOUS
 ITER =            1 KMAX=           15 RSDMAX =   5.3117819E-05 DIFMAX =   6.1525236E-05
    VARIABLE                VALUE  CHANGE FROM PREVIOUS
 ITER =            1 KMAX=           15 RSDMAX =   2.2044189E-08 DIFMAX =   4.3156297E-06
 ITER(RESISTANCE)=            1 ITER(NEWTON-RAPHSON)=            8
 DIFK =    1.000000     DIFD =   0.0000000E+00 DIFH =   0.0000000E+00
    VARIABLE                VALUE  CHANGE FROM PREVIOUS
 ITER =            2 KMAX=           15 RSDMAX =   0.4811833     DIFMAX =    3.633963    
    VARIABLE                VALUE  CHANGE FROM PREVIOUS
 ITER =            2 KMAX=           18 RSDMAX =    1.866283     DIFMAX =    12.97237    
    VARIABLE                VALUE  CHANGE FROM PREVIOUS
 ITER =            2 KMAX=           18 RSDMAX =   0.3649874     DIFMAX =   0.2600540    
    VARIABLE                VALUE  CHANGE FROM PREVIOUS
 ITER =            2 KMAX=           18 RSDMAX =   3.7515417E-02 DIFMAX =   3.4851152E-02
    VARIABLE                VALUE  CHANGE FROM PREVIOUS
 ITER =            2 KMAX=           18 RSDMAX =   6.1710837E-04 DIFMAX =   5.9359922E-04
    VARIABLE                VALUE  CHANGE FROM PREVIOUS
 ITER =            2 KMAX=            5 RSDMAX =   1.1502692E-07 DIFMAX =   1.4174738E-07
 ITER(RESISTANCE)=            2 ITER(NEWTON-RAPHSON)=            6
 DIFK =   0.5590313     DIFD =   6.7304791E-04 DIFH =   0.0000000E+00
    VARIABLE                VALUE  CHANGE FROM PREVIOUS
 ITER =            3 KMAX=           18 RSDMAX =   1.1223364E-02 DIFMAX =   4.2542785E-02
    VARIABLE                VALUE  CHANGE FROM PREVIOUS
 ITER =            3 KMAX=           18 RSDMAX =   6.7225497E-05 DIFMAX =   6.4707994E-05
    VARIABLE                VALUE  CHANGE FROM PREVIOUS
 ITER =            3 KMAX=            4 RSDMAX =   1.0003918E-07 DIFMAX =   9.3280029E-08
 ITER(RESISTANCE)=            3 ITER(NEWTON-RAPHSON)=            3
 DIFK =   1.8366616E-03 DIFD =   3.3506559E-04 DIFH =   0.0000000E+00
    VARIABLE                VALUE  CHANGE FROM PREVIOUS
 ITER =            4 KMAX=           18 RSDMAX =   8.3390521E-05 DIFMAX =   8.0276332E-05
    VARIABLE                VALUE  CHANGE FROM PREVIOUS
 ITER =            4 KMAX=            4 RSDMAX =   1.0034375E-07 DIFMAX =   1.2218501E-07
 ITER(RESISTANCE)=            4 ITER(NEWTON-RAPHSON)=            2
 DIFK =   9.6844269E-05 DIFD =   1.6799380E-04 DIFH =   0.0000000E+00
