  **** GENERAL FLUID SYSTEM SIMULATION PROGRAM ****
  ****************** VERSION 1.4.1 ****************
   
  TITLE     :Parallel Flow Manifold with heat transfer and phase change                      
  DATE      :10/13/18       
  ANALYST   :Joe Blow                      
  FILEIN    :EXAMPLE4.DAT   
  FILEOUT   :example4.out   
   LOGICAL VARIABLES
  DENCON   =  F
  GRAVITY  =  T
  ENERGY   =  T
  MIXTURE  =  F
  THRUST   =  F
  STEADY   =  T
  TRANSV   =  F
  INERTIA  =  F
  CONDX    =  F
  TWOD     =  F
  PRINTI   =  F
  ROTATION =  F
  BUOYANCY =  F
  HRATE    =  F


  NNODES   =   20
  NINT     =   18
  NBR      =   24
  NF       =    1
  NVAR     =   42
  NHREF    =    2


  FLUIDS: H2O  
  
 BOUNDARY NODES
  NODE       P         T       RHO        AREA
           (PSI)      (F)   (LBM/FT^3)   (IN^2)
     1   1020.0000  400.0000   53.9197    0.0000
    20   1012.0000  400.0000   53.9170    0.0000
  
  INPUT SPECIFICATIONS FOR INTERNAL NODES 
 NODE       AREA      MASS      HEAT
 NODE      (IN^2)    (LBM/S)  (BTU/LBM)
     2      0.0000    0.0000    0.0000
     3      0.0000    0.0000    0.0000
     4      0.0000    0.0000    0.0000
     5      0.0000    0.0000    0.0000
     6      0.0000    0.0000    0.0000
     7      0.0000    0.0000    0.0000
     8      0.0000    0.0000  650.0000
     9      0.0000    0.0000  650.0000
    10      0.0000    0.0000  650.0000
    11      0.0000    0.0000  650.0000
    12      0.0000    0.0000  650.0000
    13      0.0000    0.0000  650.0000
    14      0.0000    0.0000    0.0000
    15      0.0000    0.0000    0.0000
    16      0.0000    0.0000    0.0000
    17      0.0000    0.0000    0.0000
    18      0.0000    0.0000    0.0000
    19      0.0000    0.0000    0.0000
  
 BRANCH   UPNODE    DNNODE    OPTION 
    12         1         2         1
    28         2         8         5
    23         2         3         1
    39         3         9         5
    34         3         4         1
   410         4        10         5
    45         4         5         1
   511         5        11         5
    56         5         6         1
   612         6        12         5
    67         6         7         1
   713         7        13         5
   814         8        14         1
   915         9        15         1
  1016        10        16         1
  1117        11        17         1
  1218        12        18         1
  1319        13        19         1
  1415        14        15         1
  1516        15        16         1
  1617        16        17         1
  1718        17        18         1
  1819        18        19         1
  1920        19        20         1
 BRANCH  OPTION -1:   LENGTH, DIA, EPSD, ANGLE, AREA
    12     6.00000     1.00000     0.00000    90.00000     0.78540
 BRANCH OPTION - 5:  PIPE DIA, ORIFICE DIA, AREA
    28     1.00000     0.40000     0.12566
 BRANCH  OPTION -1:   LENGTH, DIA, EPSD, ANGLE, AREA
    23     6.00000     1.00000     0.00000    90.00000     0.78540
 BRANCH OPTION - 5:  PIPE DIA, ORIFICE DIA, AREA
    39     1.00000     0.40000     0.12566
 BRANCH  OPTION -1:   LENGTH, DIA, EPSD, ANGLE, AREA
    34     6.00000     1.00000     0.00000    90.00000     0.78540
 BRANCH OPTION - 5:  PIPE DIA, ORIFICE DIA, AREA
   410     1.00000     0.40000     0.12566
 BRANCH  OPTION -1:   LENGTH, DIA, EPSD, ANGLE, AREA
    45     6.00000     1.00000     0.00000    90.00000     0.78540
 BRANCH OPTION - 5:  PIPE DIA, ORIFICE DIA, AREA
   511     1.00000     0.40000     0.12566
 BRANCH  OPTION -1:   LENGTH, DIA, EPSD, ANGLE, AREA
    56     6.00000     1.00000     0.00000    90.00000     0.78540
 BRANCH OPTION - 5:  PIPE DIA, ORIFICE DIA, AREA
   612     1.00000     0.40000     0.12566
 BRANCH  OPTION -1:   LENGTH, DIA, EPSD, ANGLE, AREA
    67     6.00000     1.00000     0.00000    90.00000     0.78540
 BRANCH OPTION - 5:  PIPE DIA, ORIFICE DIA, AREA
   713     1.00000     0.40000     0.12566
 BRANCH  OPTION -1:   LENGTH, DIA, EPSD, ANGLE, AREA
   814   144.00000     0.40000     0.00000   180.00000     0.12566
 BRANCH  OPTION -1:   LENGTH, DIA, EPSD, ANGLE, AREA
   915   144.00000     0.40000     0.00000   180.00000     0.12566
 BRANCH  OPTION -1:   LENGTH, DIA, EPSD, ANGLE, AREA
  1016   144.00000     0.40000     0.00000   180.00000     0.12566
 BRANCH  OPTION -1:   LENGTH, DIA, EPSD, ANGLE, AREA
  1117   144.00000     0.40000     0.00000   180.00000     0.12566
 BRANCH  OPTION -1:   LENGTH, DIA, EPSD, ANGLE, AREA
  1218   144.00000     0.40000     0.00000   180.00000     0.12566
 BRANCH  OPTION -1:   LENGTH, DIA, EPSD, ANGLE, AREA
  1319   144.00000     0.40000     0.00000   180.00000     0.12566
 BRANCH  OPTION -1:   LENGTH, DIA, EPSD, ANGLE, AREA
  1415     6.00000     1.00000     0.00000    90.00000     0.78540
 BRANCH  OPTION -1:   LENGTH, DIA, EPSD, ANGLE, AREA
  1516     6.00000     1.00000     0.00000    90.00000     0.78540
 BRANCH  OPTION -1:   LENGTH, DIA, EPSD, ANGLE, AREA
  1617     6.00000     1.00000     0.00000    90.00000     0.78540
 BRANCH  OPTION -1:   LENGTH, DIA, EPSD, ANGLE, AREA
  1718     6.00000     1.00000     0.00000    90.00000     0.78540
 BRANCH  OPTION -1:   LENGTH, DIA, EPSD, ANGLE, AREA
  1819     6.00000     1.00000     0.00000    90.00000     0.78540
 BRANCH  OPTION -1:   LENGTH, DIA, EPSD, ANGLE, AREA
  1920     6.00000     1.00000     0.00000    90.00000     0.78540
  
  
  
 SOLUTION
 INTERNAL NODES
  NODE     P(PSI)     T(F)        Z        RHO      QUALITY
   (LBM/FT^3)
     2   1019.9930  399.9990    0.0370   53.9198    0.0000
     3   1019.9880  399.9983    0.0370   53.9198    0.0000
     4   1019.9847  399.9975    0.0370   53.9198    0.0000
     5   1019.9827  399.9990    0.0370   53.9198    0.0000
     6   1019.9818  399.9993    0.0370   53.9198    0.0000
     7   1019.9814  399.9977    0.0370   53.9198    0.0000
     8   1019.8688  547.2316    0.5612    3.0317    0.7440
     9   1019.8638  547.2311    0.5612    3.0317    0.7440
    10   1019.8602  547.2307    0.5612    3.0317    0.7440
    11   1019.8577  547.2303    0.5612    3.0317    0.7440
    12   1019.8560  547.2302    0.5612    3.0316    0.7440
    13   1019.8545  547.2300    0.5612    3.0316    0.7440
    14   1012.2543  546.3177    0.5622    3.0064    0.7441
    15   1012.2504  546.3173    0.5622    3.0064    0.7441
    16   1012.2371  546.3158    0.5622    3.0064    0.7441
    17   1012.2097  546.3124    0.5622    3.0063    0.7441
    18   1012.1638  546.3069    0.5622    3.0061    0.7441
    19   1012.0953  546.2987    0.5622    3.0059    0.7441
  
 BRANCHES
 BRANCH       KFACTOR       DELP        FLOW RATE VELOCITY   REYN. NO.   MACH NO
 .
       (LBF-S^2/(LBM-FT)^2) (PSI)      (LBM/SEC)     (FT/SEC)
    12       0.129E+01     0.694E-02   0.881E+00     0.300E+01   0.152E+06   0.167E-02
    28       0.835E+03     0.124E+00   0.146E+00     0.311E+01   0.631E+05   0.174E-02
    23       0.135E+01     0.499E-02   0.735E+00     0.250E+01   0.127E+06   0.140E-02
    39       0.835E+03     0.124E+00   0.146E+00     0.311E+01   0.631E+05   0.174E-02
    34       0.142E+01     0.336E-02   0.589E+00     0.200E+01   0.101E+06   0.112E-02
   410       0.835E+03     0.124E+00   0.147E+00     0.311E+01   0.631E+05   0.174E-02
    45       0.152E+01     0.195E-02   0.442E+00     0.150E+01   0.762E+05   0.840E-03
   511       0.835E+03     0.125E+00   0.147E+00     0.312E+01   0.632E+05   0.174E-02
    56       0.169E+01     0.977E-03   0.295E+00     0.100E+01   0.509E+05   0.561E-03
   612       0.835E+03     0.126E+00   0.147E+00     0.313E+01   0.635E+05   0.175E-02
    67       0.203E+01     0.326E-03   0.148E+00     0.503E+00   0.255E+05   0.281E-03
   713       0.835E+03     0.127E+00   0.148E+00     0.315E+01   0.638E+05   0.176E-02
   814       0.495E+05     0.761E+01   0.146E+00     0.553E+02   0.222E+06   0.243E-01
   915       0.495E+05     0.761E+01   0.146E+00     0.553E+02   0.222E+06   0.243E-01
  1016       0.495E+05     0.762E+01   0.147E+00     0.554E+02   0.222E+06   0.243E-01
  1117       0.494E+05     0.765E+01   0.147E+00     0.555E+02   0.222E+06   0.243E-01
  1218       0.494E+05     0.769E+01   0.147E+00     0.557E+02   0.223E+06   0.244E-01
  1319       0.494E+05     0.776E+01   0.148E+00     0.559E+02   0.224E+06   0.245E-01
  1415       0.263E+02     0.391E-02   0.146E+00     0.893E+01   0.887E+05   0.392E-02
  1516       0.224E+02     0.133E-01   0.293E+00     0.179E+02   0.177E+06   0.784E-02
  1617       0.205E+02     0.273E-01   0.439E+00     0.268E+02   0.266E+06   0.118E-01
  1718       0.192E+02     0.459E-01   0.586E+00     0.357E+02   0.355E+06   0.157E-01
  1819       0.184E+02     0.686E-01   0.733E+00     0.447E+02   0.444E+06   0.196E-01
  1920       0.177E+02     0.953E-01   0.881E+00     0.538E+02   0.534E+06   0.236E-01


  SOLUTION SATISFIED CONVERGENCE CRITERION OF  0.00100 IN   62 ITERATIONS
