    VARIABLE                VALUE  CHANGE FROM PREVIOUS
 ITER =            1 KMAX=           36 RSDMAX =    1.000000     DIFMAX =   0.9997271    
    VARIABLE                VALUE  CHANGE FROM PREVIOUS
 ITER =            1 KMAX=            6 RSDMAX =   0.2603268     DIFMAX =    1.043970    
    VARIABLE                VALUE  CHANGE FROM PREVIOUS
 ITER =            1 KMAX=            6 RSDMAX =   6.3834600E-02 DIFMAX =    1.299876    
    VARIABLE                VALUE  CHANGE FROM PREVIOUS
 ITER =            1 KMAX=            6 RSDMAX =   8.8902228E-03 DIFMAX =    2.496087    
    VARIABLE                VALUE  CHANGE FROM PREVIOUS
 ITER =            1 KMAX=            6 RSDMAX =   8.0619886E-04 DIFMAX =    2.802824    
    VARIABLE                VALUE  CHANGE FROM PREVIOUS
 ITER =            1 KMAX=            6 RSDMAX =   3.8473423E-05 DIFMAX =   3.8739093E-02
    VARIABLE                VALUE  CHANGE FROM PREVIOUS
 ITER =            1 KMAX=           15 RSDMAX =   8.6857710E-07 DIFMAX =   1.2654257E-04
    VARIABLE                VALUE  CHANGE FROM PREVIOUS
 ITER =            1 KMAX=           15 RSDMAX =   8.7187283E-07 DIFMAX =   1.1286273E-06
 ITER(RESISTANCE)=            1 ITER(NEWTON-RAPHSON)=            8
 DIFK =    3703.960     DIFD =   0.0000000E+00 DIFH =   0.0000000E+00
    VARIABLE                VALUE  CHANGE FROM PREVIOUS
 ITER =            2 KMAX=           20 RSDMAX =   0.7759139     DIFMAX =   0.9838035    
    VARIABLE                VALUE  CHANGE FROM PREVIOUS
 ITER =            2 KMAX=           20 RSDMAX =   0.1919497     DIFMAX =   0.9307127    
    VARIABLE                VALUE  CHANGE FROM PREVIOUS
 ITER =            2 KMAX=           20 RSDMAX =   4.6141140E-02 DIFMAX =   0.7606019    
    VARIABLE                VALUE  CHANGE FROM PREVIOUS
 ITER =            2 KMAX=           31 RSDMAX =   9.9245030E-03 DIFMAX =   0.4039715    
    VARIABLE                VALUE  CHANGE FROM PREVIOUS
 ITER =            2 KMAX=           31 RSDMAX =   1.4171577E-03 DIFMAX =   8.7991051E-02
    VARIABLE                VALUE  CHANGE FROM PREVIOUS
 ITER =            2 KMAX=           31 RSDMAX =   5.6323239E-05 DIFMAX =   3.8174852E-03
    VARIABLE                VALUE  CHANGE FROM PREVIOUS
 ITER =            2 KMAX=           13 RSDMAX =   9.4956715E-07 DIFMAX =   5.4716020E-06
 ITER(RESISTANCE)=            2 ITER(NEWTON-RAPHSON)=            7
 DIFK =    1.367647     DIFD =   0.9442688     DIFH =   1.2207031E-04
    VARIABLE                VALUE  CHANGE FROM PREVIOUS
 ITER =            3 KMAX=            9 RSDMAX =   3.3662277E-03 DIFMAX =   0.1579249    
    VARIABLE                VALUE  CHANGE FROM PREVIOUS
 ITER =            3 KMAX=           34 RSDMAX =   2.9641320E-04 DIFMAX =   1.2488503E-02
    VARIABLE                VALUE  CHANGE FROM PREVIOUS
 ITER =            3 KMAX=           34 RSDMAX =   1.6569852E-06 DIFMAX =   7.0848706E-05
    VARIABLE                VALUE  CHANGE FROM PREVIOUS
 ITER =            3 KMAX=           14 RSDMAX =   1.2025523E-06 DIFMAX =   9.2099356E-08
 ITER(RESISTANCE)=            3 ITER(NEWTON-RAPHSON)=            4
 DIFK =   0.8440933     DIFD =   0.8944165     DIFH =   2.4414063E-04
    VARIABLE                VALUE  CHANGE FROM PREVIOUS
 ITER =            4 KMAX=           31 RSDMAX =   6.1288681E-03 DIFMAX =   0.1769505    
    VARIABLE                VALUE  CHANGE FROM PREVIOUS
 ITER =            4 KMAX=           42 RSDMAX =   4.7476645E-04 DIFMAX =   1.5809257E-02
    VARIABLE                VALUE  CHANGE FROM PREVIOUS
 ITER =            4 KMAX=           31 RSDMAX =   3.3197134E-06 DIFMAX =   1.1693597E-04
    VARIABLE                VALUE  CHANGE FROM PREVIOUS
 ITER =            4 KMAX=           14 RSDMAX =   1.0607330E-06 DIFMAX =   7.8514674E-08
 ITER(RESISTANCE)=            4 ITER(NEWTON-RAPHSON)=            4
 DIFK =   0.7469407     DIFD =   0.8089962     DIFH =   2.4414063E-04
    VARIABLE                VALUE  CHANGE FROM PREVIOUS
 ITER =            5 KMAX=           31 RSDMAX =   8.3919382E-03 DIFMAX =   0.2139768    
    VARIABLE                VALUE  CHANGE FROM PREVIOUS
 ITER =            5 KMAX=           31 RSDMAX =   7.3516212E-04 DIFMAX =   2.3289869E-02
    VARIABLE                VALUE  CHANGE FROM PREVIOUS
 ITER =            5 KMAX=           31 RSDMAX =   8.0110722E-06 DIFMAX =   2.5999168E-04
    VARIABLE                VALUE  CHANGE FROM PREVIOUS
 ITER =            5 KMAX=           17 RSDMAX =   1.1069899E-06 DIFMAX =   2.6040018E-07
 ITER(RESISTANCE)=            5 ITER(NEWTON-RAPHSON)=            4
 DIFK =   0.5902867     DIFD =   0.6792520     DIFH =   2.4414063E-04
    VARIABLE                VALUE  CHANGE FROM PREVIOUS
 ITER =            6 KMAX=           31 RSDMAX =   7.8735324E-03 DIFMAX =   0.1976200    
    VARIABLE                VALUE  CHANGE FROM PREVIOUS
 ITER =            6 KMAX=           31 RSDMAX =   6.4570160E-04 DIFMAX =   1.9793481E-02
    VARIABLE                VALUE  CHANGE FROM PREVIOUS
 ITER =            6 KMAX=           31 RSDMAX =   5.9837912E-06 DIFMAX =   1.8720537E-04
    VARIABLE                VALUE  CHANGE FROM PREVIOUS
 ITER =            6 KMAX=            5 RSDMAX =   1.1665078E-06 DIFMAX =   1.2704520E-07
 ITER(RESISTANCE)=            6 ITER(NEWTON-RAPHSON)=            4
 DIFK =   0.4096329     DIFD =   0.5142916     DIFH =   1.2207031E-04
    VARIABLE                VALUE  CHANGE FROM PREVIOUS
 ITER =            7 KMAX=           31 RSDMAX =   5.9002237E-03 DIFMAX =   0.1535061    
    VARIABLE                VALUE  CHANGE FROM PREVIOUS
 ITER =            7 KMAX=           31 RSDMAX =   3.8938201E-04 DIFMAX =   1.1822742E-02
    VARIABLE                VALUE  CHANGE FROM PREVIOUS
 ITER =            7 KMAX=           31 RSDMAX =   2.0869479E-06 DIFMAX =   6.5360538E-05
    VARIABLE                VALUE  CHANGE FROM PREVIOUS
 ITER =            7 KMAX=           13 RSDMAX =   9.3081383E-07 DIFMAX =   1.0406346E-07
 ITER(RESISTANCE)=            7 ITER(NEWTON-RAPHSON)=            4
 DIFK =   0.2539481     DIFD =   0.3461567     DIFH =   2.4414063E-04
    VARIABLE                VALUE  CHANGE FROM PREVIOUS
 ITER =            8 KMAX=           31 RSDMAX =   3.7909024E-03 DIFMAX =   0.1035232    
    VARIABLE                VALUE  CHANGE FROM PREVIOUS
 ITER =            8 KMAX=           31 RSDMAX =   1.7618769E-04 DIFMAX =   5.3389301E-03
    VARIABLE                VALUE  CHANGE FROM PREVIOUS
 ITER =            8 KMAX=           15 RSDMAX =   1.0424416E-06 DIFMAX =   1.1959725E-05
    VARIABLE                VALUE  CHANGE FROM PREVIOUS
 ITER =            8 KMAX=           15 RSDMAX =   1.0346459E-06 DIFMAX =   9.9765082E-08
 ITER(RESISTANCE)=            8 ITER(NEWTON-RAPHSON)=            4
 DIFK =   0.1447835     DIFD =   0.2093015     DIFH =   1.2207031E-04
    VARIABLE                VALUE  CHANGE FROM PREVIOUS
 ITER =            9 KMAX=           31 RSDMAX =   2.1980486E-03 DIFMAX =   6.2503122E-02
    VARIABLE                VALUE  CHANGE FROM PREVIOUS
 ITER =            9 KMAX=           31 RSDMAX =   6.3562147E-05 DIFMAX =   1.9242479E-03
    VARIABLE                VALUE  CHANGE FROM PREVIOUS
 ITER =            9 KMAX=           16 RSDMAX =   1.0805853E-06 DIFMAX =   1.2451969E-06
 ITER(RESISTANCE)=            9 ITER(NEWTON-RAPHSON)=            3
 DIFK =   7.8113295E-02 DIFD =   0.1168815     DIFH =   1.2207031E-04
    VARIABLE                VALUE  CHANGE FROM PREVIOUS
 ITER =           10 KMAX=           31 RSDMAX =   1.1953823E-03 DIFMAX =   3.4915280E-02
    VARIABLE                VALUE  CHANGE FROM PREVIOUS
 ITER =           10 KMAX=           31 RSDMAX =   1.9579313E-05 DIFMAX =   5.9480115E-04
    VARIABLE                VALUE  CHANGE FROM PREVIOUS
 ITER =           10 KMAX=           16 RSDMAX =   1.1220875E-06 DIFMAX =   1.5042586E-07
 ITER(RESISTANCE)=           10 ITER(NEWTON-RAPHSON)=            3
 DIFK =   4.0745918E-02 DIFD =   6.2068220E-02 DIFH =   1.2207031E-04
    VARIABLE                VALUE  CHANGE FROM PREVIOUS
 ITER =           11 KMAX=           31 RSDMAX =   6.2590028E-04 DIFMAX =   1.8572178E-02
    VARIABLE                VALUE  CHANGE FROM PREVIOUS
 ITER =           11 KMAX=           33 RSDMAX =   5.3913745E-06 DIFMAX =   1.6471215E-04
    VARIABLE                VALUE  CHANGE FROM PREVIOUS
 ITER =           11 KMAX=            5 RSDMAX =   8.5021406E-07 DIFMAX =   1.1259216E-07
 ITER(RESISTANCE)=           11 ITER(NEWTON-RAPHSON)=            3
 DIFK =   2.0843709E-02 DIFD =   3.2028034E-02 DIFH =   1.2207031E-04
    VARIABLE                VALUE  CHANGE FROM PREVIOUS
 ITER =           12 KMAX=           31 RSDMAX =   3.2073737E-04 DIFMAX =   9.5983185E-03
    VARIABLE                VALUE  CHANGE FROM PREVIOUS
 ITER =           12 KMAX=           12 RSDMAX =   1.4662156E-06 DIFMAX =   4.1775373E-05
    VARIABLE                VALUE  CHANGE FROM PREVIOUS
 ITER =           12 KMAX=           15 RSDMAX =   9.6732549E-07 DIFMAX =   8.4451244E-08
 ITER(RESISTANCE)=           12 ITER(NEWTON-RAPHSON)=            3
 DIFK =   1.0547124E-02 DIFD =   1.6274601E-02 DIFH =   1.2207031E-04
    VARIABLE                VALUE  CHANGE FROM PREVIOUS
 ITER =           13 KMAX=           31 RSDMAX =   1.6242468E-04 DIFMAX =   4.8825312E-03
    VARIABLE                VALUE  CHANGE FROM PREVIOUS
 ITER =           13 KMAX=            4 RSDMAX =   1.3951578E-06 DIFMAX =   1.0110759E-05
    VARIABLE                VALUE  CHANGE FROM PREVIOUS
 ITER =           13 KMAX=            4 RSDMAX =   7.0066790E-07 DIFMAX =   8.9189825E-08
 ITER(RESISTANCE)=           13 ITER(NEWTON-RAPHSON)=            3
 DIFK =   5.3060739E-03 DIFD =   8.2039014E-03 DIFH =   2.4414063E-04
    VARIABLE                VALUE  CHANGE FROM PREVIOUS
 ITER =           14 KMAX=           31 RSDMAX =   8.1739177E-05 DIFMAX =   2.4626933E-03
    VARIABLE                VALUE  CHANGE FROM PREVIOUS
 ITER =           14 KMAX=           16 RSDMAX =   8.9365534E-07 DIFMAX =   2.0190323E-06
 ITER(RESISTANCE)=           14 ITER(NEWTON-RAPHSON)=            2
 DIFK =   2.6613621E-03 DIFD =   4.1189650E-03 DIFH =   1.2207031E-04
    VARIABLE                VALUE  CHANGE FROM PREVIOUS
 ITER =           15 KMAX=           31 RSDMAX =   4.1000963E-05 DIFMAX =   1.2367220E-03
    VARIABLE                VALUE  CHANGE FROM PREVIOUS
 ITER =           15 KMAX=           15 RSDMAX =   7.9974774E-07 DIFMAX =   4.2590659E-07
 ITER(RESISTANCE)=           15 ITER(NEWTON-RAPHSON)=            2
 DIFK =   1.3326344E-03 DIFD =   2.0635743E-03 DIFH =   2.4414063E-04
    VARIABLE                VALUE  CHANGE FROM PREVIOUS
 ITER =           16 KMAX=           31 RSDMAX =   2.0540656E-05 DIFMAX =   6.1997602E-04
    VARIABLE                VALUE  CHANGE FROM PREVIOUS
 ITER =           16 KMAX=           15 RSDMAX =   8.2209993E-07 DIFMAX =   2.6217609E-07
 ITER(RESISTANCE)=           16 ITER(NEWTON-RAPHSON)=            2
 DIFK =   6.6709926E-04 DIFD =   1.0331731E-03 DIFH =   2.4414063E-04
    VARIABLE                VALUE  CHANGE FROM PREVIOUS
 ITER =           17 KMAX=           31 RSDMAX =   1.0279929E-05 DIFMAX =   3.1037306E-04
    VARIABLE                VALUE  CHANGE FROM PREVIOUS
 ITER =           17 KMAX=           15 RSDMAX =   8.3337108E-07 DIFMAX =   2.2323142E-07
 ITER(RESISTANCE)=           17 ITER(NEWTON-RAPHSON)=            2
 DIFK =   3.3361730E-04 DIFD =   5.1705178E-04 DIFH =   1.2207031E-04
